{
  "stats": {
    "suites": 1,
    "tests": 9,
    "passes": 9,
    "pending": 0,
    "failures": 0,
    "start": "2021-11-03T18:12:39.144Z",
    "end": "2021-11-03T18:13:19.585Z",
    "duration": 40441,
    "testsRegistered": 9,
    "passPercent": 100,
    "pendingPercent": 0,
    "other": 0,
    "hasOther": false,
    "skipped": 0,
    "hasSkipped": false
  },
  "results": [
    {
      "uuid": "94d6398a-7750-4446-ad20-2a913145cbe0",
      "title": "",
      "fullFile": "cypress/integration/test-suite-page-objects.spec.js",
      "file": "cypress/integration/test-suite-page-objects.spec.js",
      "beforeHooks": [],
      "afterHooks": [],
      "tests": [],
      "suites": [
        {
          "uuid": "921e7d72-43e6-4351-b7ee-b382753426c9",
          "title": "Test Suite",
          "fullFile": "",
          "file": "",
          "beforeHooks": [],
          "afterHooks": [],
          "tests": [
            {
              "title": "Create new room",
              "fullTitle": "Test Suite Create new room",
              "timedOut": null,
              "duration": 8357,
              "state": "passed",
              "speed": "medium",
              "pass": true,
              "fail": false,
              "pending": false,
              "context": null,
              "code": "roomsFuncs.checkTitleOfRoomsPage(cy, 'Testers Hotel');\nroomsFuncs.performCreateNewRoom(cy);",
              "err": {},
              "uuid": "3486e598-592d-4488-9bf3-2e0b135dbbc4",
              "parentUUID": "921e7d72-43e6-4351-b7ee-b382753426c9",
              "isHook": false,
              "skipped": false
            },
            {
              "title": "Delete room",
              "fullTitle": "Test Suite Delete room",
              "timedOut": null,
              "duration": 3530,
              "state": "passed",
              "speed": "fast",
              "pass": true,
              "fail": false,
              "pending": false,
              "context": null,
              "code": "roomsFuncs.performDeleteRoom(cy);",
              "err": {},
              "uuid": "44c21155-eca7-4229-8f78-90fe1a057960",
              "parentUUID": "921e7d72-43e6-4351-b7ee-b382753426c9",
              "isHook": false,
              "skipped": false
            },
            {
              "title": "Create new client",
              "fullTitle": "Test Suite Create new client",
              "timedOut": null,
              "duration": 4686,
              "state": "passed",
              "speed": "fast",
              "pass": true,
              "fail": false,
              "pending": false,
              "context": null,
              "code": "clientsFuncs.performCreateNewClient(cy);",
              "err": {},
              "uuid": "198c252b-84e8-4d0d-b871-fc6bb8486407",
              "parentUUID": "921e7d72-43e6-4351-b7ee-b382753426c9",
              "isHook": false,
              "skipped": false
            },
            {
              "title": "Edit client",
              "fullTitle": "Test Suite Edit client",
              "timedOut": null,
              "duration": 3992,
              "state": "passed",
              "speed": "fast",
              "pass": true,
              "fail": false,
              "pending": false,
              "context": null,
              "code": "clientsFuncs.performEditClient(cy);",
              "err": {},
              "uuid": "6b1f7405-2c29-48b4-a29a-ee89f7614f2d",
              "parentUUID": "921e7d72-43e6-4351-b7ee-b382753426c9",
              "isHook": false,
              "skipped": false
            },
            {
              "title": "Delete client",
              "fullTitle": "Test Suite Delete client",
              "timedOut": null,
              "duration": 3035,
              "state": "passed",
              "speed": "fast",
              "pass": true,
              "fail": false,
              "pending": false,
              "context": null,
              "code": "clientsFuncs.performDeleteClient(cy);",
              "err": {},
              "uuid": "00016750-017f-456c-8513-93f2a61252bf",
              "parentUUID": "921e7d72-43e6-4351-b7ee-b382753426c9",
              "isHook": false,
              "skipped": false
            },
            {
              "title": "Create new reservation",
              "fullTitle": "Test Suite Create new reservation",
              "timedOut": null,
              "duration": 3959,
              "state": "passed",
              "speed": "fast",
              "pass": true,
              "fail": false,
              "pending": false,
              "context": null,
              "code": "reservationsFuncs.checkTitleOfReservationsPage(cy, 'Testers Hotel');\nreservationsFuncs.performCreateReservation(cy);",
              "err": {},
              "uuid": "d34ef65e-abf9-418c-a35c-0f18eb0897ec",
              "parentUUID": "921e7d72-43e6-4351-b7ee-b382753426c9",
              "isHook": false,
              "skipped": false
            },
            {
              "title": "Delete reservation",
              "fullTitle": "Test Suite Delete reservation",
              "timedOut": null,
              "duration": 2657,
              "state": "passed",
              "speed": "fast",
              "pass": true,
              "fail": false,
              "pending": false,
              "context": null,
              "code": "reservationsFuncs.performDeleteReservation(cy);",
              "err": {},
              "uuid": "4135be35-9dc7-402f-b452-60d7d117cba6",
              "parentUUID": "921e7d72-43e6-4351-b7ee-b382753426c9",
              "isHook": false,
              "skipped": false
            },
            {
              "title": "Create new bill",
              "fullTitle": "Test Suite Create new bill",
              "timedOut": null,
              "duration": 2785,
              "state": "passed",
              "speed": "fast",
              "pass": true,
              "fail": false,
              "pending": false,
              "context": null,
              "code": "billsFuncs.checkTitleOfBillsPage(cy, 'Testers Hotel');\nbillsFuncs.performCreateBill(cy);",
              "err": {},
              "uuid": "1ec41300-e6ee-48c0-9819-87ae264adebb",
              "parentUUID": "921e7d72-43e6-4351-b7ee-b382753426c9",
              "isHook": false,
              "skipped": false
            },
            {
              "title": "Delete bill",
              "fullTitle": "Test Suite Delete bill",
              "timedOut": null,
              "duration": 2761,
              "state": "passed",
              "speed": "fast",
              "pass": true,
              "fail": false,
              "pending": false,
              "context": null,
              "code": "billsFuncs.performCreateBill(cy);",
              "err": {},
              "uuid": "6ddd5722-71da-4600-a2eb-da505ef9ac25",
              "parentUUID": "921e7d72-43e6-4351-b7ee-b382753426c9",
              "isHook": false,
              "skipped": false
            }
          ],
          "suites": [],
          "passes": [
            "3486e598-592d-4488-9bf3-2e0b135dbbc4",
            "44c21155-eca7-4229-8f78-90fe1a057960",
            "198c252b-84e8-4d0d-b871-fc6bb8486407",
            "6b1f7405-2c29-48b4-a29a-ee89f7614f2d",
            "00016750-017f-456c-8513-93f2a61252bf",
            "d34ef65e-abf9-418c-a35c-0f18eb0897ec",
            "4135be35-9dc7-402f-b452-60d7d117cba6",
            "1ec41300-e6ee-48c0-9819-87ae264adebb",
            "6ddd5722-71da-4600-a2eb-da505ef9ac25"
          ],
          "failures": [],
          "pending": [],
          "skipped": [],
          "duration": 35762,
          "root": false,
          "rootEmpty": false,
          "_timeout": 2000
        }
      ],
      "passes": [],
      "failures": [],
      "pending": [],
      "skipped": [],
      "duration": 0,
      "root": true,
      "rootEmpty": true,
      "_timeout": 2000
    }
  ],
  "meta": {
    "mocha": {
      "version": "7.0.1"
    },
    "mochawesome": {
      "options": {
        "quiet": false,
        "reportFilename": "mochawesome",
        "saveHtml": true,
        "saveJson": true,
        "consoleReporter": "spec",
        "useInlineDiffs": false,
        "code": true
      },
      "version": "6.3.1"
    },
    "marge": {
      "options": null,
      "version": "5.2.0"
    }
  }
}